{"level":"info","message":"15:48:52 GMT+0530 (India Standard Time): /api/post/ - {}\n","service":"request-logging"}
{"level":"info","message":"15:49:05 GMT+0530 (India Standard Time): /api/post/ - {}\n","service":"request-logging"}
{"level":"info","message":"15:49:27 GMT+0530 (India Standard Time): /api/post/ - {}\n","service":"request-logging"}
{"level":"info","message":"15:51:34 GMT+0530 (India Standard Time): /api/post/ - {}\n","service":"request-logging"}
{"level":"info","message":"15:52:20 GMT+0530 (India Standard Time): /api/post/ - {}\n","service":"request-logging"}
{"level":"info","message":"15:52:42 GMT+0530 (India Standard Time): /api/post/ - {}\n","service":"request-logging"}
{"level":"info","message":"15:53:54 GMT+0530 (India Standard Time): /api/post/ - undefined\n","service":"request-logging"}
{"level":"info","message":"15:54:43 GMT+0530 (India Standard Time): /api/post/ - {}\n","service":"request-logging"}
{"level":"info","message":"15:55:27 GMT+0530 (India Standard Time): /api/post/ - {}\n","service":"request-logging"}
{"level":"info","message":"16:15:48 GMT+0530 (India Standard Time): /api/post/all - {\"email\":\"user1@gmail.com\",\"password\":\"PASSWORD\"}\n","service":"request-logging"}
{"level":"info","message":"16:16:50 GMT+0530 (India Standard Time): /api/post/all - {}\n","service":"request-logging"}
{"level":"info","message":"16:16:56 GMT+0530 (India Standard Time): /api/post/a - {}\n","service":"request-logging"}
{"level":"info","message":"16:16:58 GMT+0530 (India Standard Time): /api/post/ - {}\n","service":"request-logging"}
{"level":"info","message":"16:18:09 GMT+0530 (India Standard Time): /api/post/ - {}\n","service":"request-logging"}
{"level":"info","message":"12:38:08 GMT+0530 (India Standard Time): /api/post/all - {}\n","service":"request-logging"}
{"level":"info","message":"12:39:24 GMT+0530 (India Standard Time): /api/post/all - {}\n","service":"request-logging"}
{"level":"info","message":"12:44:33 GMT+0530 (India Standard Time): /api/post/all - {}\n","service":"request-logging"}
{"level":"info","message":"12:46:05 GMT+0530 (India Standard Time): /api/post/all - {}\n","service":"request-logging"}
{"level":"info","message":"12:46:23 GMT+0530 (India Standard Time): /api/post/all - {}\n","service":"request-logging"}
{"level":"info","message":"12:50:27 GMT+0530 (India Standard Time): /api/post/ - {}\n","service":"request-logging"}
{"level":"info","message":"12:50:55 GMT+0530 (India Standard Time): /api/post/ - {}\n","service":"request-logging"}
{"level":"info","message":"12:51:49 GMT+0530 (India Standard Time): /api/post/ - {}\n","service":"request-logging"}
{"level":"info","message":"12:53:07 GMT+0530 (India Standard Time): /api/post/ - {}\n","service":"request-logging"}
{"level":"info","message":"12:53:39 GMT+0530 (India Standard Time): /api/post/ - {}\n","service":"request-logging"}
{"level":"info","message":"12:54:04 GMT+0530 (India Standard Time): /api/post/ - {}\n","service":"request-logging"}
{"level":"info","message":"12:55:19 GMT+0530 (India Standard Time): /api/post/ - {}\n","service":"request-logging"}
{"level":"info","message":"12:55:28 GMT+0530 (India Standard Time): /api/post/ - {}\n","service":"request-logging"}
{"level":"info","message":"12:56:17 GMT+0530 (India Standard Time): /api/post/ - {}\n","service":"request-logging"}
{"level":"info","message":"12:56:37 GMT+0530 (India Standard Time): /api/post/ - {}\n","service":"request-logging"}
{"level":"info","message":"12:59:20 GMT+0530 (India Standard Time): /api/post/ - {}\n","service":"request-logging"}
{"level":"info","message":"13:00:34 GMT+0530 (India Standard Time): /api/post/ - {}\n","service":"request-logging"}
{"level":"info","message":"13:01:42 GMT+0530 (India Standard Time): /api/post/ - {}\n","service":"request-logging"}
{"level":"info","message":"13:02:39 GMT+0530 (India Standard Time): /api/post/all - {}\n","service":"request-logging"}
{"level":"info","message":"13:07:47 GMT+0530 (India Standard Time): /api/post/65ffd6de6221ee676fbe18ab - {}\n","service":"request-logging"}
{"level":"info","message":"13:08:31 GMT+0530 (India Standard Time): /api/post/65ffd6de6221ee676fbe18ab - {}\n","service":"request-logging"}
{"level":"info","message":"13:09:12 GMT+0530 (India Standard Time): /api/post/65ffd6de6221ee676fbe18ab - {}\n","service":"request-logging"}
{"level":"info","message":"13:12:06 GMT+0530 (India Standard Time): /api/post/65ffd6de6221ee676fbe18ab - {}\n","service":"request-logging"}
{"level":"info","message":"13:12:37 GMT+0530 (India Standard Time): /api/post/65ffd6de6221ee676fbe18ab - {}\n","service":"request-logging"}
{"level":"info","message":"13:13:44 GMT+0530 (India Standard Time): /api/post/65ffd6de6221ee676fbe18ab - {}\n","service":"request-logging"}
{"level":"info","message":"13:14:56 GMT+0530 (India Standard Time): /api/post/65ffd6de6221ee676fbe18ab - {}\n","service":"request-logging"}
{"level":"info","message":"13:15:16 GMT+0530 (India Standard Time): /api/post/all - {}\n","service":"request-logging"}
{"level":"info","message":"13:15:31 GMT+0530 (India Standard Time): /api/post/65ffd6de6221ee676fbe18ab - {}\n","service":"request-logging"}
{"level":"info","message":"13:15:59 GMT+0530 (India Standard Time): /api/post/65ffd6de6221ee676fbe18ab - {}\n","service":"request-logging"}
{"level":"info","message":"13:16:43 GMT+0530 (India Standard Time): /api/post/65ffd6de6221ee676fbe18ab - {}\n","service":"request-logging"}
{"level":"info","message":"13:17:27 GMT+0530 (India Standard Time): /api/post/65ffd6de6221ee676fbe18ab - {}\n","service":"request-logging"}
{"level":"info","message":"13:17:37 GMT+0530 (India Standard Time): /api/post/all - {}\n","service":"request-logging"}
{"level":"info","message":"13:17:45 GMT+0530 (India Standard Time): /api/post/ - {}\n","service":"request-logging"}
{"level":"info","message":"13:17:49 GMT+0530 (India Standard Time): /api/post/all - {}\n","service":"request-logging"}
{"level":"info","message":"13:17:54 GMT+0530 (India Standard Time): /api/post/all - {}\n","service":"request-logging"}
{"level":"info","message":"13:25:41 GMT+0530 (India Standard Time): /api/post/all - {}\n","service":"request-logging"}
{"level":"info","message":"13:25:51 GMT+0530 (India Standard Time): /api/post/ - {}\n","service":"request-logging"}
{"level":"info","message":"13:25:59 GMT+0530 (India Standard Time): /api/post/ - {}\n","service":"request-logging"}
{"level":"info","message":"13:26:45 GMT+0530 (India Standard Time): /api/post/ - {}\n","service":"request-logging"}
{"level":"info","message":"13:26:51 GMT+0530 (India Standard Time): /api/post/ - {}\n","service":"request-logging"}
{"level":"info","message":"13:28:18 GMT+0530 (India Standard Time): /api/comment/ - {}\n","service":"request-logging"}
{"level":"info","message":"13:28:27 GMT+0530 (India Standard Time): /api/comment/all - {}\n","service":"request-logging"}
{"level":"info","message":"13:30:05 GMT+0530 (India Standard Time): /api/comment/all - {}\n","service":"request-logging"}
{"level":"info","message":"13:31:51 GMT+0530 (India Standard Time): /api/comment/65ffdaa139e13965a281b9db - {\"content\":\"comment by Meh\"}\n","service":"request-logging"}
{"level":"info","message":"13:32:43 GMT+0530 (India Standard Time): /api/comment/65ffdc872abb08af502be943 - {\"content\":\"comment by Meh on rohan's post\"}\n","service":"request-logging"}
{"level":"info","message":"13:33:46 GMT+0530 (India Standard Time): /api/comment/65ffdaa139e13965a281b9db - {\"content\":\"comment by alq on self's post\"}\n","service":"request-logging"}
{"level":"info","message":"13:35:14 GMT+0530 (India Standard Time): /api/comment/all/65ffdaa139e13965a281b9db - {}\n","service":"request-logging"}
{"level":"info","message":"13:35:21 GMT+0530 (India Standard Time): /api/comment/65ffdaa139e13965a281b9db - {}\n","service":"request-logging"}
{"level":"info","message":"13:36:23 GMT+0530 (India Standard Time): /api/comment/65ffdaa139e13965a281b9db - {}\n","service":"request-logging"}
{"level":"info","message":"13:36:58 GMT+0530 (India Standard Time): /api/comment/65ffde23ce18431b7e8b971f - {\"content\":\"ubdaated by al\"}\n","service":"request-logging"}
{"level":"info","message":"13:38:07 GMT+0530 (India Standard Time): /api/comment/65ffde23ce18431b7e8b971f - {\"content\":\"ubdaated by al\"}\n","service":"request-logging"}
{"level":"info","message":"13:38:22 GMT+0530 (India Standard Time): /api/comment/65ffddefce18431b7e8b971d - {\"content\":\"ubdaated by al\"}\n","service":"request-logging"}
{"level":"info","message":"13:38:44 GMT+0530 (India Standard Time): /api/comment/65ffde62ce18431b7e8b9723 - {\"content\":\"ubdaated by al\"}\n","service":"request-logging"}
{"level":"info","message":"13:40:01 GMT+0530 (India Standard Time): /api/comment/65ffde62ce18431b7e8b9723 - {\"content\":\"ubdaated by al\"}\n","service":"request-logging"}
{"level":"info","message":"13:40:54 GMT+0530 (India Standard Time): /api/comment/65ffde62ce18431b7e8b9723 - {\"content\":\"ubdaated by al\"}\n","service":"request-logging"}
{"level":"info","message":"13:41:13 GMT+0530 (India Standard Time): /api/comment/65ffde62ce18431b7e8b9723 - {\"content\":\"ubdaated by al\"}\n","service":"request-logging"}
{"level":"info","message":"13:41:25 GMT+0530 (India Standard Time): /api/comment/65ffde62ce18431b7e8b9723 - {\"content\":\"ubdaated by al\"}\n","service":"request-logging"}
{"level":"info","message":"13:41:58 GMT+0530 (India Standard Time): /api/comment/65ffde62ce18431b7e8b9723 - {\"content\":\"ubdaated by al\"}\n","service":"request-logging"}
{"level":"info","message":"13:42:32 GMT+0530 (India Standard Time): /api/comment/65ffde62ce18431b7e8b9723 - {\"content\":\"ubdaated by al\"}\n","service":"request-logging"}
{"level":"info","message":"13:43:09 GMT+0530 (India Standard Time): /api/comment/65ffde62ce18431b7e8b9723 - {\"content\":\"ubdaated by al\"}\n","service":"request-logging"}
{"level":"info","message":"13:44:45 GMT+0530 (India Standard Time): /api/comment/65ffde62ce18431b7e8b9723 - {\"content\":\"ubdaated by al\"}\n","service":"request-logging"}
{"level":"info","message":"13:45:26 GMT+0530 (India Standard Time): /api/comment/65ffde62ce18431b7e8b9723 - {\"content\":\"ubdaated by al\"}\n","service":"request-logging"}
{"level":"info","message":"13:46:07 GMT+0530 (India Standard Time): /api/comment/65ffde62ce18431b7e8b9723 - {\"content\":\"ubdaated by al\"}\n","service":"request-logging"}
{"level":"info","message":"13:47:20 GMT+0530 (India Standard Time): /api/comment/65ffde62ce18431b7e8b9723 - {\"content\":\"ubdaated by al\"}\n","service":"request-logging"}
{"level":"info","message":"13:48:27 GMT+0530 (India Standard Time): /api/comment/65ffde62ce18431b7e8b9723 - {\"content\":\"ubdaated by al\"}\n","service":"request-logging"}
{"level":"info","message":"13:49:21 GMT+0530 (India Standard Time): /api/comment/65ffddefce18431b7e8b971d - {\"content\":\"ubdaated by al\"}\n","service":"request-logging"}
{"level":"info","message":"13:49:50 GMT+0530 (India Standard Time): /api/comment/65ffddefce18431b7e8b971d - {\"content\":\"ubdaated by al\"}\n","service":"request-logging"}
{"level":"info","message":"13:50:46 GMT+0530 (India Standard Time): /api/like/all - {}\n","service":"request-logging"}
{"level":"info","message":"13:51:25 GMT+0530 (India Standard Time): /api/ - {}\n","service":"request-logging"}
{"level":"info","message":"13:51:30 GMT+0530 (India Standard Time): /api/like - {}\n","service":"request-logging"}
{"level":"info","message":"13:51:41 GMT+0530 (India Standard Time): /api/like/all - {}\n","service":"request-logging"}
{"level":"info","message":"13:51:52 GMT+0530 (India Standard Time): /api/like/all - {}\n","service":"request-logging"}
{"level":"info","message":"13:53:17 GMT+0530 (India Standard Time): /api/like/all - {}\n","service":"request-logging"}
{"level":"info","message":"13:53:40 GMT+0530 (India Standard Time): /api/like/all - {}\n","service":"request-logging"}
{"level":"info","message":"13:54:23 GMT+0530 (India Standard Time): /api/like/all - {}\n","service":"request-logging"}
{"level":"info","message":"14:24:22 GMT+0530 (India Standard Time): /api/like/toggle/65ffdaa139e13965a281b9db - {}\n","service":"request-logging"}
{"level":"info","message":"14:24:55 GMT+0530 (India Standard Time): /api/like/toggle/65ffdaa139e13965a281b9db - {}\n","service":"request-logging"}
{"level":"info","message":"14:25:03 GMT+0530 (India Standard Time): /api/post/all - {}\n","service":"request-logging"}
{"level":"info","message":"14:26:24 GMT+0530 (India Standard Time): /api/post/all - {}\n","service":"request-logging"}
{"level":"info","message":"14:26:37 GMT+0530 (India Standard Time): /api/like/toggle/65ffdaa139e13965a281b9db - {}\n","service":"request-logging"}
{"level":"info","message":"14:26:54 GMT+0530 (India Standard Time): /api/like/toggle/65ffdaa139e13965a281b9db - {}\n","service":"request-logging"}
{"level":"info","message":"14:27:52 GMT+0530 (India Standard Time): /api/like/toggle/65ffdaa139e13965a281b9db - {}\n","service":"request-logging"}
{"level":"info","message":"14:28:06 GMT+0530 (India Standard Time): /api/like/toggle/65ffdaa139e13965a281b9db - {}\n","service":"request-logging"}
{"level":"info","message":"14:29:30 GMT+0530 (India Standard Time): /api/like/toggle/65ffdaa139e13965a281b9db - {}\n","service":"request-logging"}
{"level":"info","message":"14:29:38 GMT+0530 (India Standard Time): /api/like/toggle/65ffdaa139e13965a281b9db - {}\n","service":"request-logging"}
{"level":"info","message":"14:29:43 GMT+0530 (India Standard Time): /api/like/toggle/65ffdaa139e13965a281b9db - {}\n","service":"request-logging"}
{"level":"info","message":"14:29:46 GMT+0530 (India Standard Time): /api/like/toggle/65ffdaa139e13965a281b9db - {}\n","service":"request-logging"}
{"level":"info","message":"14:30:02 GMT+0530 (India Standard Time): /api/like/toggle/65ffdaa139e13965a281b9db - {}\n","service":"request-logging"}
{"level":"info","message":"14:30:05 GMT+0530 (India Standard Time): /api/like/toggle/65ffdaa139e13965a281b9db - {}\n","service":"request-logging"}
{"level":"info","message":"14:30:12 GMT+0530 (India Standard Time): /api/like/toggle/65ffdaa139e13965a281b9db - {}\n","service":"request-logging"}
{"level":"info","message":"14:30:15 GMT+0530 (India Standard Time): /api/like/toggle/65ffdaa139e13965a281b9db - {}\n","service":"request-logging"}
{"level":"info","message":"14:30:18 GMT+0530 (India Standard Time): /api/like/toggle/65ffdaa139e13965a281b9db - {}\n","service":"request-logging"}
{"level":"info","message":"14:30:40 GMT+0530 (India Standard Time): /api/like/toggle/65ffdaa139e13965a281b9db - {}\n","service":"request-logging"}
{"level":"info","message":"14:30:46 GMT+0530 (India Standard Time): /api/like/toggle/65ffdaa139e13965a281b9db - {}\n","service":"request-logging"}
{"level":"info","message":"14:30:49 GMT+0530 (India Standard Time): /api/like/toggle/65ffdaa139e13965a281b9db - {}\n","service":"request-logging"}
{"level":"info","message":"14:30:59 GMT+0530 (India Standard Time): /api/like/toggle/65ffdaa139e13965a281b9db - {}\n","service":"request-logging"}
{"level":"info","message":"14:31:37 GMT+0530 (India Standard Time): /api/like/65ffdaa139e13965a281b9db - {}\n","service":"request-logging"}
